<?xml version="1.0" encoding="UTF-8"?>
<!-- Generated by org.testng.reporters.JUnitReportReporter -->
<testsuite hostname="LKCONUPEIRIS03" failures="0" tests="2" name="GAPSTAR.TestHovers" time="6.617" errors="0" timestamp="2021-12-11T10:29:11 IST" skipped="0">
  <testcase classname="GAPSTAR.TestHovers" name="testHoverPage" time="1.378"/>
  <system-out/>
  <testcase classname="GAPSTAR.TestHovers" name="loadUrl" time="5.239"/>
  <system-out/>
</testsuite> <!-- GAPSTAR.TestHovers -->
