<?xml version="1.0" encoding="UTF-8"?>
<!-- Generated by org.testng.reporters.JUnitReportReporter -->
<testsuite hostname="LKCONUPEIRIS03" failures="0" tests="2" name="GAPSTAR.TestCheckBox" time="6.273" errors="0" timestamp="2021-12-11T10:29:11 IST" skipped="0">
  <testcase classname="GAPSTAR.TestCheckBox" name="testCheckBoxPage" time="0.904"/>
  <system-out/>
  <testcase classname="GAPSTAR.TestCheckBox" name="loadUrl" time="5.369"/>
  <system-out/>
</testsuite> <!-- GAPSTAR.TestCheckBox -->
