<?xml version="1.0" encoding="UTF-8"?>
<!-- Generated by org.testng.reporters.JUnitReportReporter -->
<testsuite hostname="LKCONUPEIRIS03" failures="0" tests="1" name="GAPSTAR.TestStatusCode" time="6.428" errors="0" timestamp="2021-12-10T22:42:28 IST" skipped="0">
  <testcase classname="GAPSTAR.TestStatusCode" name="loadUrl" time="6.428"/>
  <system-out/>
</testsuite> <!-- GAPSTAR.TestStatusCode -->
