<?xml version="1.0" encoding="UTF-8"?>
<!-- Generated by org.testng.reporters.JUnitReportReporter -->
<testsuite hostname="LKCONUPEIRIS03" failures="0" tests="2" name="GAPSTAR.TestDropDown" time="6.936" errors="0" timestamp="2021-12-11T10:29:11 IST" skipped="0">
  <testcase classname="GAPSTAR.TestDropDown" name="loadUrl" time="6.044"/>
  <system-out/>
  <testcase classname="GAPSTAR.TestDropDown" name="testDropDownPage" time="0.892"/>
  <system-out/>
</testsuite> <!-- GAPSTAR.TestDropDown -->
