<?xml version="1.0" encoding="UTF-8"?>
<!-- Generated by org.testng.reporters.JUnitReportReporter -->
<testsuite hostname="LKCONUPEIRIS03" failures="0" tests="2" name="GAPSTAR.TestMultipleWindow" time="5.805" errors="0" timestamp="2021-12-11T12:02:58 IST" skipped="0">
  <testcase classname="GAPSTAR.TestMultipleWindow" name="testMultipleWindowPage" time="0.923"/>
  <system-out/>
  <testcase classname="GAPSTAR.TestMultipleWindow" name="loadUrl" time="4.882"/>
  <system-out/>
</testsuite> <!-- GAPSTAR.TestMultipleWindow -->
