<?xml version="1.0" encoding="UTF-8"?>
<!-- Generated by org.testng.reporters.JUnitReportReporter -->
<testsuite hostname="LKCONUPEIRIS03" failures="0" tests="2" name="GAPSTAR.TestMultipleWindow" time="6.220" errors="0" timestamp="2021-12-11T10:29:11 IST" skipped="0">
  <testcase classname="GAPSTAR.TestMultipleWindow" name="loadUrl" time="4.988"/>
  <system-out/>
  <testcase classname="GAPSTAR.TestMultipleWindow" name="testMultipleWindowPage" time="1.232"/>
  <system-out/>
</testsuite> <!-- GAPSTAR.TestMultipleWindow -->
