<?xml version="1.0" encoding="UTF-8"?>
<!-- Generated by org.testng.reporters.JUnitReportReporter -->
<testsuite hostname="LKCONUPEIRIS03" failures="0" tests="1" name="test.Test4" time="0.010" errors="0" timestamp="2021-12-10T22:14:43 IST" skipped="0">
  <testcase classname="test.Test4" name="test4" time="0.010"/>
  <system-out/>
</testsuite> <!-- test.Test4 -->
