<?xml version="1.0" encoding="UTF-8"?>
<!-- Generated by org.testng.reporters.JUnitReportReporter -->
<testsuite hostname="LKCONUPEIRIS03" failures="0" tests="2" name="GAPSTAR.TestDropDown" time="6.443" errors="0" timestamp="2021-12-11T12:02:58 IST" skipped="0">
  <testcase classname="GAPSTAR.TestDropDown" name="loadUrl" time="5.845"/>
  <system-out/>
  <testcase classname="GAPSTAR.TestDropDown" name="testDropDownPage" time="0.598"/>
  <system-out/>
</testsuite> <!-- GAPSTAR.TestDropDown -->
