<?xml version="1.0" encoding="UTF-8"?>
<!-- Generated by org.testng.reporters.JUnitReportReporter -->
<testsuite hostname="LKCONUPEIRIS03" failures="0" tests="2" name="GAPSTAR.TestCheckBox" time="5.292" errors="0" timestamp="2021-12-11T12:02:58 IST" skipped="0">
  <testcase classname="GAPSTAR.TestCheckBox" name="loadUrl" time="4.663"/>
  <system-out/>
  <testcase classname="GAPSTAR.TestCheckBox" name="testCheckBoxPage" time="0.629"/>
  <system-out/>
</testsuite> <!-- GAPSTAR.TestCheckBox -->
