<?xml version="1.0" encoding="UTF-8"?>
<!-- Generated by org.testng.reporters.JUnitReportReporter -->
<testsuite hostname="LKCONUPEIRIS03" failures="0" tests="1" name="GAPSTAR.HomePage" time="5.526" errors="0" timestamp="2021-12-10T20:52:36 IST" skipped="0">
  <testcase classname="GAPSTAR.HomePage" name="nabsepagenavigation" time="5.526"/>
  <system-out/>
</testsuite> <!-- GAPSTAR.HomePage -->
