<?xml version="1.0" encoding="UTF-8"?>
<!-- Generated by org.testng.reporters.JUnitReportReporter -->
<testsuite hostname="LKCONUPEIRIS03" failures="0" tests="2" name="GAPSTAR.TestKeyPress" time="5.243" errors="0" timestamp="2021-12-11T12:02:58 IST" skipped="0">
  <testcase classname="GAPSTAR.TestKeyPress" name="testCheckBoxPage" time="0.742"/>
  <system-out/>
  <testcase classname="GAPSTAR.TestKeyPress" name="loadUrl" time="4.501"/>
  <system-out/>
</testsuite> <!-- GAPSTAR.TestKeyPress -->
