<?xml version="1.0" encoding="UTF-8"?>
<!-- Generated by org.testng.reporters.JUnitReportReporter -->
<testsuite hostname="LKCONUPEIRIS03" failures="0" tests="2" name="GAPSTAR.TestKeyPress" time="6.871" errors="0" timestamp="2021-12-11T10:29:11 IST" skipped="0">
  <testcase classname="GAPSTAR.TestKeyPress" name="testCheckBoxPage" time="2.034"/>
  <system-out/>
  <testcase classname="GAPSTAR.TestKeyPress" name="loadUrl" time="4.837"/>
  <system-out/>
</testsuite> <!-- GAPSTAR.TestKeyPress -->
